app/build/intermediates/manifest_merge_blame_file/debug/manifest-merger-blame-debug-report.txt
1<?xml version="1.0" encoding="utf-8"?>
2<manifest xmlns:android="http://schemas.android.com/apk/res/android"
3    package="cz.hermann.android.DBTest"
4    android:versionCode="1"
5    android:versionName="1.0" >
6
7    <uses-sdk
8        android:minSdkVersion="21"
8-->src\main\AndroidManifest.xml
9        android:targetSdkVersion="28" />
9-->src\main\AndroidManifest.xml
10
11    <application
11-->src\main\AndroidManifest.xml:3:5-13:19
12        android:appComponentFactory="android.support.v4.app.CoreComponentFactory"
12-->[com.android.support:support-compat:28.0.0] AndroidManifest.xml:22:18-91
13        android:debuggable="true"
14        android:icon="@drawable/ic_app"
14-->src\main\AndroidManifest.xml:3:18-49
15        android:label="@string/app_name"
15-->src\main\AndroidManifest.xml:3:50-82
16        android:testOnly="true" >
17        <activity
17-->src\main\AndroidManifest.xml:4:9-10:20
18            android:name="cz.hermann.android.DBTest.ActMain"
18-->src\main\AndroidManifest.xml:4:19-41
19            android:configChanges="mcc|mnc|locale|touchscreen|keyboard|keyboardHidden|navigation|orientation|fontScale"
19-->src\main\AndroidManifest.xml:5:52-159
20            android:label="@string/app_name" >
20-->src\main\AndroidManifest.xml:5:19-51
21            <intent-filter>
21-->src\main\AndroidManifest.xml:6:13-9:29
22                <action android:name="android.intent.action.MAIN" />
22-->src\main\AndroidManifest.xml:7:17-69
22-->src\main\AndroidManifest.xml:7:25-66
23
24                <category android:name="android.intent.category.LAUNCHER" />
24-->src\main\AndroidManifest.xml:8:17-77
24-->src\main\AndroidManifest.xml:8:27-74
25            </intent-filter>
26        </activity>
27        <activity
27-->src\main\AndroidManifest.xml:11:9-101
28            android:name="cz.hermann.android.DBTest.ActSqlTest"
28-->src\main\AndroidManifest.xml:11:19-44
29            android:windowSoftInputMode="stateUnchanged" />
29-->src\main\AndroidManifest.xml:11:45-89
30        <activity android:name="cz.hermann.android.DBTest.ActDataEdit" />
30-->src\main\AndroidManifest.xml:12:9-57
30-->src\main\AndroidManifest.xml:12:19-45
31    </application>
32
33</manifest>